11:31:36  Chargement des pages depuis le serveur…
11:31:37  29 pages chargées. Début du push (publish)…
11:31:37  Nettoyage des anciennes pages…
11:31:51    5 ancienne(s) page(s) supprimée(s).
11:31:51  Push [1/29] accueil — Photographe Nu Masculin Cannes – Shooting Art & Ti…
11:31:53    ✓ https://haroboz.com/
11:31:53  Push [2/29] a-propos — À Propos – Luc Desbois, Photographe Haroboz | Mars…
11:31:55    ✓ https://haroboz.com/a-propos/
11:31:55  Push [3/29] boutique — Boutique – Tirages d'Art et Cartes Cadeaux | Harob…
11:31:56    ✓ https://haroboz.com/boutique/
11:31:56  Push [4/29] contact — Contact – Réservez Votre Shooting Photo | Haroboz …
11:31:57    ✓ https://haroboz.com/contact/
11:31:57  Push [5/29] mentions-legales — Mentions Légales – Haroboz | Photographe Marseille…
11:31:58    ✓ https://haroboz.com/mentions-legales/
11:31:58  Push [6/29] packs-shooting — Packs Shooting Photo – Séance et Tirage d'Art Incl…
11:32:00    ✓ https://haroboz.com/packs-shooting/
11:32:00  Push [7/29] photographe-cote-azur — Photographe Nu Masculin Côte d'Azur – Art et Discr…
11:32:01    ✓ https://haroboz.com/photographe-cote-azur/
11:32:01  Push [8/29] portfolio — Portfolio Nu Masculin – Galerie Photo Homme | Haro…
11:32:03    ✓ https://haroboz.com/portfolio/
11:32:03  Push [9/29] votre-experience — Votre Expérience Photo – Du Shooting au Tirage d'A…
11:32:05    ✓ https://haroboz.com/votre-experience/
11:32:05  Push [10/29] book-modele-professionnel — Book Modèle Professionnel – Photos Homme Marseille…
11:32:07    ✓ https://haroboz.com/votre-experience/book-modele-professionnel/
11:32:07  Push [11/29] cadeau-couple-original — Cadeau Couple Original – Shooting Photo Intime | H…
11:32:08    ✓ https://haroboz.com/votre-experience/cadeau-couple-original/
11:32:08  Push [12/29] carte-cadeau — Carte Cadeau Shooting Photo – Offrir une Exp&eacut…
11:32:09    ✓ https://haroboz.com/boutique/carte-cadeau/
11:32:09  Push [13/29] galerie-couples — Galerie Couples – Shooting Photo Duo Intime | Haro…
11:32:10    ✓ https://haroboz.com/portfolio/galerie-couples/
11:32:10  Push [14/29] galerie-portraits-hommes — Galerie Portraits Hommes – Photo Nu Masculin Art |…
11:32:12    ✓ https://haroboz.com/portfolio/galerie-portraits-hommes/
11:32:12  Push [15/29] galerie-privee-client — Galerie Priv&eacute;e Client – Acc&egrave;s S&eacu…
11:32:13    ✓ https://haroboz.com/boutique/galerie-privee-client/
11:32:13  Push [16/29] luc-desbois-photographe — Luc Desbois Photographe – Parcours et Vision | Har…
11:32:14    ✓ https://haroboz.com/a-propos/luc-desbois-photographe/
11:32:14  Push [17/29] photo-domicile — Photo à Domicile – Shooting Intime chez Vous | Har…
11:32:16    ✓ https://haroboz.com/packs-shooting/photo-domicile/
11:32:16  Push [18/29] photographe-homme-nu-cannes — Photographe Homme Nu Cannes – Shooting Privé Art |…
11:32:17    ✓ https://haroboz.com/photographe-cote-azur/photographe-homme-nu-cannes/
11:32:17  Push [19/29] photographe-mougins — Photographe Mougins – Shooting Art Nu Masculin | H…
11:32:19    ✓ https://haroboz.com/photographe-cote-azur/photographe-mougins/
11:32:19  Push [20/29] photographe-nice — Photographe Nu Masculin Nice – Art Photo Homme | H…
11:32:20    ✓ https://haroboz.com/photographe-cote-azur/photographe-nice/
11:32:20  Push [21/29] portrait-studio-cannes — Portrait Studio Cannes – Shooting Privé Nu Masculi…
11:32:21    ✓ https://haroboz.com/packs-shooting/portrait-studio-cannes/
11:32:21  Push [22/29] premier-shooting-nu — Premier Shooting Nu – Guide et Conseils | Haroboz…
11:32:23    ✓ https://haroboz.com/votre-experience/premier-shooting-nu/
11:32:23  Push [23/29] retrouver-confiance-corps — Retrouver Confiance en Son Corps – Photo Masculine…
11:32:24    ✓ https://haroboz.com/votre-experience/retrouver-confiance-corps/
11:32:24  Push [24/29] shooting-couple-antibes — Shooting Couple Antibes – Séance Photo Intime | Ha…
11:32:25    ✓ https://haroboz.com/photographe-cote-azur/shooting-couple-antibes/
11:32:25  Push [25/29] shooting-duo-couple — Shooting Duo &amp; Couple – Expérience Intime à De…
11:32:27    ✓ https://haroboz.com/packs-shooting/shooting-duo-couple/
11:32:27  Push [26/29] shooting-exterieur-cote-azur — Shooting Extérieur Côte d'Azur – Lumière Naturelle…
11:32:28    ✓ https://haroboz.com/packs-shooting/shooting-exterieur-cote-azur/
11:32:28  Push [27/29] shooting-mandelieu — Shooting Photo Mandelieu – Art Nu Masculin | Harob…
11:32:30    ✓ https://haroboz.com/photographe-cote-azur/shooting-mandelieu/
11:32:30  Push [28/29] temoignages-clients — Témoignages Clients – Avis Shooting Photo Homme | …
11:32:31    ✓ https://haroboz.com/portfolio/temoignages-clients/
11:32:31  Push [29/29] tirages-art-edition-limitee — Tirages d'Art &Eacute;dition Limit&eacute;e – Nu M…
11:32:32    ✓ https://haroboz.com/boutique/tirages-art-edition-limitee/
11:32:32  Définition de la page d'accueil (ID #7)…
11:32:32  Page d'accueil définie.
11:32:32  
11:32:32  TERMINÉ — 29 OK, 0 erreur